<?xml version="1.0" encoding="UTF-8"?>
<!-- Generated by org.testng.reporters.JUnitReportReporter -->
<testsuite hostname="LAPTOP-D72R403P" failures="0" tests="1" name="runner.CucumberRunnerTests" time="31.348" errors="0" timestamp="2023-03-24T17:33:52 IST" skipped="0">
  <testcase classname="runner.CucumberRunnerTests" name="runScenario" time="31.348"/>
  <system-out/>
</testsuite> <!-- runner.CucumberRunnerTests -->
